<?xml version="1.0" encoding="UTF-8"?>
<testng-results ignored="0" total="5" passed="5" failed="0" skipped="0">
  <reporter-output>
  </reporter-output>
  <suite started-at="2024-04-02T12:28:27 IST" name="Suite" finished-at="2024-04-02T12:29:55 IST" duration-ms="88065">
    <groups>
    </groups>
    <test started-at="2024-04-02T12:28:27 IST" name="Chrome Test" finished-at="2024-04-02T12:29:55 IST" duration-ms="88065">
      <class name="TestCase.TC_03_DefaultCountry_Language">
        <test-method signature="countryDef()[pri:0, instance:TestCase.TC_03_DefaultCountry_Language@248e319b]" started-at="2024-04-02T12:29:19 IST" name="countryDef" finished-at="2024-04-02T12:29:19 IST" duration-ms="224" status="PASS">
          <reporter-output>
          </reporter-output>
        </test-method> <!-- countryDef -->
      </class> <!-- TestCase.TC_03_DefaultCountry_Language -->
      <class name="TestCase.TC_05_ToolTipList">
        <test-method signature="validateGsdDetails()[pri:0, instance:TestCase.TC_05_ToolTipList@793f29ff]" started-at="2024-04-02T12:29:19 IST" name="validateGsdDetails" finished-at="2024-04-02T12:29:46 IST" duration-ms="26409" status="PASS">
          <reporter-output>
          </reporter-output>
        </test-method> <!-- validateGsdDetails -->
      </class> <!-- TestCase.TC_05_ToolTipList -->
      <class name="TestCase.TC_04_Language_DropDown">
        <test-method signature="listLang()[pri:0, instance:TestCase.TC_04_Language_DropDown@5d0bf09b]" started-at="2024-04-02T12:29:19 IST" name="listLang" finished-at="2024-04-02T12:29:19 IST" duration-ms="248" status="PASS">
          <reporter-output>
          </reporter-output>
        </test-method> <!-- listLang -->
      </class> <!-- TestCase.TC_04_Language_DropDown -->
      <class name="TestCase.TC_01_UserValidation">
        <test-method signature="userInfo()[pri:0, instance:TestCase.TC_01_UserValidation@27406a17]" started-at="2024-04-02T12:28:45 IST" name="userInfo" finished-at="2024-04-02T12:28:51 IST" duration-ms="6684" status="PASS">
          <reporter-output>
          </reporter-output>
        </test-method> <!-- userInfo -->
      </class> <!-- TestCase.TC_01_UserValidation -->
      <class name="TestBase.BaseClass">
        <test-method is-config="true" signature="setup(java.lang.String)[pri:0, instance:TestBase.BaseClass@1ed4ae0f]" started-at="2024-04-02T12:28:28 IST" name="setup" finished-at="2024-04-02T12:28:45 IST" duration-ms="16982" status="PASS">
          <params>
            <param index="0">
              <value>
                <![CDATA[chrome]]>
              </value>
            </param>
          </params>
          <reporter-output>
          </reporter-output>
        </test-method> <!-- setup -->
        <test-method is-config="true" signature="exit()[pri:0, instance:TestBase.BaseClass@1ed4ae0f]" started-at="2024-04-02T12:29:46 IST" name="exit" finished-at="2024-04-02T12:29:55 IST" duration-ms="8888" status="PASS">
          <reporter-output>
          </reporter-output>
        </test-method> <!-- exit -->
      </class> <!-- TestBase.BaseClass -->
      <class name="TestCase.TC_02_WelcomeTextValidation">
        <test-method signature="windowSwitch(java.lang.String)[pri:0, instance:TestCase.TC_02_WelcomeTextValidation@2af004b]" started-at="2024-04-02T12:28:52 IST" name="windowSwitch" finished-at="2024-04-02T12:29:18 IST" duration-ms="26182" status="PASS">
          <params>
            <param index="0">
              <value>
                <![CDATA[chrome]]>
              </value>
            </param>
          </params>
          <reporter-output>
          </reporter-output>
        </test-method> <!-- windowSwitch -->
      </class> <!-- TestCase.TC_02_WelcomeTextValidation -->
    </test> <!-- Chrome Test -->
  </suite> <!-- Suite -->
</testng-results>
